<?xml version="1.0" encoding="UTF-8"?>
<testng-results ignored="0" total="1" passed="1" failed="0" skipped="0">
  <reporter-output>
  </reporter-output>
  <suite started-at="2019-12-12T14:35:22 EST" name="Suite" finished-at="2019-12-12T14:35:32 EST" duration-ms="9937">
    <groups>
    </groups>
    <test started-at="2019-12-12T14:35:22 EST" name="Test" finished-at="2019-12-12T14:35:32 EST" duration-ms="9937">
      <class name="pack2.Jenkins_demo">
        <test-method signature="testgooglrsearch()[pri:0, instance:pack2.Jenkins_demo@5a955565]" started-at="2019-12-12T14:35:22 EST" name="testgooglrsearch" finished-at="2019-12-12T14:35:32 EST" duration-ms="9644" status="PASS">
          <reporter-output>
          </reporter-output>
        </test-method> <!-- testgooglrsearch -->
      </class> <!-- pack2.Jenkins_demo -->
    </test> <!-- Test -->
  </suite> <!-- Suite -->
</testng-results>
