<?xml version="1.0" encoding="UTF-8"?>
<testng-results ignored="0" total="1" passed="1" failed="0" skipped="0">
  <reporter-output>
  </reporter-output>
  <suite started-at="2019-12-12T14:11:05 EST" name="Default suite" finished-at="2019-12-12T14:11:16 EST" duration-ms="10740">
    <groups>
    </groups>
    <test started-at="2019-12-12T14:11:05 EST" name="Default test" finished-at="2019-12-12T14:11:16 EST" duration-ms="10740">
      <class name="pack1.Jenkins_demo">
        <test-method signature="testgooglrsearch()[pri:0, instance:pack1.Jenkins_demo@5a955565]" started-at="2019-12-12T14:11:05 EST" name="testgooglrsearch" finished-at="2019-12-12T14:11:16 EST" duration-ms="10447" status="PASS">
          <reporter-output>
          </reporter-output>
        </test-method> <!-- testgooglrsearch -->
      </class> <!-- pack1.Jenkins_demo -->
    </test> <!-- Default test -->
  </suite> <!-- Default suite -->
</testng-results>
